LatestSupportedVersion: Xcelium23.3
xmsim(64) 22.03-s003
Linux 3.10.0-1160.62.1.el7.x86_64 #1 SMP Tue Apr 5 16:57:59 UTC 2022 x86_64
CPU cores: 64
Limit information:
======================================
cputime			unlimited
filesize		unlimited
datasize		unlimited
stacksize		8192 kbytes
coredumpsize	0 kbytes
memoryuse		unlimited
vmemoryuse		unlimited
descriptors		1024
memorylocked	64 kbytes
maxproc			4096
======================================
(Special)Runtime environment variables:

Runtime environment variables:
SHELL=/bin/tcsh
MACHTYPE=x86_64
INNOVUS_INSTALL_PATH=/usr/cad/cadence/INNOVUS/cur
LESSOPEN=||/usr/bin/lesspipe.sh %s
LC_NAME=lzh_TW
GENUS_INSTALL_PATH=/usr/cad/cadence/GENUS/cur
SSH_CONNECTION=192.168.75.200 50816 192.168.75.51 22
PATH=/usr/cad/mentor/modelsim/2020.1//modeltech/bin:/usr/cad/cadence/GENUS/cur/bin:/usr/cad/cadence/INNOVUS/cur/bin:/usr/cad/cadence/STRATUS/cur/bin:/usr/cad/cadence/XCELIUM/XCELIUM_22.03.003/tools/bin/64bit:/usr/cad/cadence/XCELIUM/XCELIUM_22.03.003/tools/bin:/usr/cad/cadence/GENUS/GENUS_21.12.000/tools/bin/64bit:/usr/cad/cadence/GENUS/GENUS_21.12.000/tools/bin:/usr/cad/cadence/INNOVUS/INNOVUS_21.13.000/tools/bin/64bit:/usr/cad/cadence/INNOVUS/INNOVUS_21.13.000/tools/bin:/usr/cad/cadence/STRATUS/STRATUS_21.10.100/tools/bin/64bit:/usr/cad/cadence/STRATUS/STRATUS_21.10.100/tools/bin:/usr/cad/synopsys/icc2/2020.09//bin:/usr/cad/synopsys/icc/2021.06-sp1//amd64/syn/bin:/usr/cad/synopsys/primetime/2022.12/amd64/syn/bin:/users/cad/synopsys/verdi/cur/bin:/users/cad/synopsys/verdi/cur/nLint/bin:/usr/cad/synopsys/spyglass/2022.06//SPYGLASS_HOME/bin:/usr/cad/synopsys/vcs/2023.03-sp2//amd64/bin:/usr/cad/synopsys/synthesis/2020.09//amd64/syn/bin:/usr/lib64/qt-3.3/bin:/usr/local/bin:/usr/bin:/usr/local/sbin:/usr/sbin
LM_LICENSE_FILE=1717@lshc:5280@nthucad:5280@lstc:26585@lshc:
QT_GRAPHICSSYSTEM_CHECKED=1
SSH_TTY=/dev/pts/30
XDG_RUNTIME_DIR=/run/user/202403011
VENDOR=unknown
LC_NUMERIC=lzh_TW
LS_COLORS=rs=0:di=38;5;27:ln=38;5;51:mh=44;38;5;15:pi=40;38;5;11:so=38;5;13:do=38;5;5:bd=48;5;232;38;5;11:cd=48;5;232;38;5;3:or=48;5;232;38;5;9:mi=05;48;5;232;38;5;15:su=48;5;196;38;5;15:sg=48;5;11;38;5;16:ca=48;5;196;38;5;226:tw=48;5;10;38;5;16:ow=48;5;10;38;5;21:st=48;5;21;38;5;15:ex=38;5;34:*.tar=38;5;9:*.tgz=38;5;9:*.arc=38;5;9:*.arj=38;5;9:*.taz=38;5;9:*.lha=38;5;9:*.lz4=38;5;9:*.lzh=38;5;9:*.lzma=38;5;9:*.tlz=38;5;9:*.txz=38;5;9:*.tzo=38;5;9:*.t7z=38;5;9:*.zip=38;5;9:*.z=38;5;9:*.Z=38;5;9:*.dz=38;5;9:*.gz=38;5;9:*.lrz=38;5;9:*.lz=38;5;9:*.lzo=38;5;9:*.xz=38;5;9:*.bz2=38;5;9:*.bz=38;5;9:*.tbz=38;5;9:*.tbz2=38;5;9:*.tz=38;5;9:*.deb=38;5;9:*.rpm=38;5;9:*.jar=38;5;9:*.war=38;5;9:*.ear=38;5;9:*.sar=38;5;9:*.rar=38;5;9:*.alz=38;5;9:*.ace=38;5;9:*.zoo=38;5;9:*.cpio=38;5;9:*.7z=38;5;9:*.rz=38;5;9:*.cab=38;5;9:*.jpg=38;5;13:*.jpeg=38;5;13:*.gif=38;5;13:*.bmp=38;5;13:*.pbm=38;5;13:*.pgm=38;5;13:*.ppm=38;5;13:*.tga=38;5;13:*.xbm=38;5;13:*.xpm=38;5;13:*.tif=38;5;13:*.tiff=38;5;13:*.png=38;5;13:*.svg=38;5;13:*.svgz=38;5;13:*.mng=38;5;13:*.pcx=38;5;13:*.mov=38;5;13:*.mpg=38;5;13:*.mpeg=38;5;13:*.m2v=38;5;13:*.mkv=38;5;13:*.webm=38;5;13:*.ogm=38;5;13:*.mp4=38;5;13:*.m4v=38;5;13:*.mp4v=38;5;13:*.vob=38;5;13:*.qt=38;5;13:*.nuv=38;5;13:*.wmv=38;5;13:*.asf=38;5;13:*.rm=38;5;13:*.rmvb=38;5;13:*.flc=38;5;13:*.avi=38;5;13:*.fli=38;5;13:*.flv=38;5;13:*.gl=38;5;13:*.dl=38;5;13:*.xcf=38;5;13:*.xwd=38;5;13:*.yuv=38;5;13:*.cgm=38;5;13:*.emf=38;5;13:*.axv=38;5;13:*.anx=38;5;13:*.ogv=38;5;13:*.ogx=38;5;13:*.aac=38;5;45:*.au=38;5;45:*.flac=38;5;45:*.mid=38;5;45:*.midi=38;5;45:*.mka=38;5;45:*.mp3=38;5;45:*.mpc=38;5;45:*.ogg=38;5;45:*.ra=38;5;45:*.wav=38;5;45:*.axa=38;5;45:*.oga=38;5;45:*.spx=38;5;45:*.xspf=38;5;45:
SHLIB_PATH=/users/cad/synopsys/verdi/cur/etc/lib/libstdc++/LINUX64/
VCS_HOME=/usr/cad/synopsys/vcs/2023.03-sp2/
PWD=/users/course/2024S/LD202403/u112062309/LD_finalProject
MANPATH=/usr/cad/synopsys/synthesis/2020.09//doc/syn/man:/usr/cad/synopsys/vcs/2023.03-sp2//doc/man
HOME=/users/course/2024S/LD202403/u112062309
LD_LIBRARY_PATH=:/usr/cad/cadence/XCELIUM/XCELIUM_22.03.003/tools/lib/64bit:/usr/cad/cadence/XCELIUM/XCELIUM_22.03.003/tools/lib64:/usr/cad/cadence/XCELIUM/XCELIUM_22.03.003/tools/lib::/usr/cad/cadence/GENUS/GENUS_21.12.000/tools/lib/64bit:/usr/cad/cadence/GENUS/GENUS_21.12.000/tools/lib64:/usr/cad/cadence/GENUS/GENUS_21.12.000/tools/lib::/usr/cad/cadence/INNOVUS/INNOVUS_21.13.000/tools/lib/64bit:/usr/cad/cadence/INNOVUS/INNOVUS_21.13.000/tools/lib64:/usr/cad/cadence/INNOVUS/INNOVUS_21.13.000/tools/lib::/usr/cad/cadence/STRATUS/STRATUS_21.10.100/tools/lib/64bit:/usr/cad/cadence/STRATUS/STRATUS_21.10.100/tools/lib:::::/users/cad/synopsys/verdi/cur/etc/lib/libstdc++/LINUX64/:/users/cad/synopsys/verdi/cur/share/PLI/IUS/LINUX64/:/:/usr/cad/synopsys/verdi/cur/share/PLI/VCS/LINUX64::/lib64:/usr/lib64:/usr/local/lib64:
SYN_MAN_DIR=/usr/cad/synopsys/vcs/2023.03-sp2//doc/man
LOGNAME=u112062309
VCS_CC=gcc
CDS_LIC_FILE=5280@nthucad:5280@lstc:26585@lshc:
HOSTNAME=ic21
XLOCALEDIR=/usr/cad/synopsys/icc2/2020.09//etc/locale
OSTYPE=linux
SHLVL=1
XDG_SESSION_ID=12316
USER=u112062309
LC_MONETARY=lzh_TW
QTLIB=/usr/lib64/qt-3.3/lib
LC_TELEPHONE=lzh_TW
REMOTEHOST=nthucad
MAKEFLAGS=
MFLAGS=
SSH_CLIENT=192.168.75.200 50816 22
MAIL=/var/spool/mail/u112062309
LC_PAPER=lzh_TW
NOVAS_HOME=/usr/cad/synopsys/verdi/cur
LC_MEASUREMENT=lzh_TW
HOSTTYPE=x86_64-linux
GROUP=LD202403
LC_TIME=lzh_TW
LC_IDENTIFICATION=lzh_TW
QTINC=/usr/lib64/qt-3.3/include
QTDIR=/usr/lib64/qt-3.3
LC_ADDRESS=lzh_TW
LANG=en_US.UTF-8
TERM=xterm-256color
STRATUS_INSTALL_PATH=/usr/cad/cadence/STRATUS/cur
HOST=ic21
MAKELEVEL=1
_XRUNROOT_=/usr/cad/cadence/XCELIUM/XCELIUM_22.03.003/tools
_IRUNROOT_=/usr/cad/cadence/XCELIUM/XCELIUM_22.03.003/tools
_HELIUMROOT_=/usr/cad/cadence/XCELIUM/XCELIUM_22.03.003/tools
CDS_ARCH=lnx86
XMRUNMODE=xmverilog:./xcelium.d/run.lnx8664.22.03.d
XRUNBATCH=FALSE
AMS_LOG_FILE_NAME=xmverilog.log
IMPERAS_PORT_FILE=.vsp_ovp_gdb_port
TCL_LIBRARY=/usr/cad/cadence/XCELIUM/XCELIUM_22.03.003/tools/inca/files/tcl/library
Runtime command line arguments:
argv[0]=xmverilog
argv[1]=112062309_1.v
argv[2]=tb1.v
argv[3]=+access+r
88 profile - 100
          CPU/Mem usage: 0.020 sys,  0.020 user,  221.30M sys,  0.00M vm
89 VC callback profile - scalar:0 vector:0
90 Wed Jun 12 23:41:27 2024
91 pliAppInit
92 FSDB_GATE is disabled.
93 Enable Parallel Dumping.
94 pliAppMiscSet: New Sim Round
95 pliEntryInit
96 LIBSSCORE=found /users/cad/synopsys/verdi/cur/share/PLI/IUS/LINUX64/libsscore_xcelium.so through $LD_LIBRARY_PATH setting.
97 Sim process exit
